# JRE version: OpenJDK Runtime Environment (8.0_202-b03) (build 1.8.0_202-release-1483-b03)
# Java VM: OpenJDK 64-Bit Server VM (25.202-b03 mixed mode windows-amd64 compressed oops)
Heap:
 PSYoungGen      total 74752K, used 16439K [0x00000000e0000000, 0x00000000e7100000, 0x0000000100000000)
  eden space 64512K, 12% used [0x00000000e0000000,0x00000000e07d0e28,0x00000000e3f00000)
  from space 10240K, 82% used [0x00000000e3f00000,0x00000000e473d0c0,0x00000000e4900000)
  to   space 10240K, 0% used [0x00000000e4900000,0x00000000e4900000,0x00000000e5300000)
 ParOldGen       total 110592K, used 11474K [0x00000000a0000000, 0x00000000a6c00000, 0x00000000e0000000)
  object space 110592K, 10% used [0x00000000a0000000,0x00000000a0b34bc8,0x00000000a6c00000)
 Metaspace       used 32298K, capacity 32792K, committed 33024K, reserved 1077248K
  class space    used 4439K, capacity 4595K, committed 4608K, reserved 1048576K
GC Heap History (10 events):
Event: 4.583 GC heap before
{Heap before GC invocations=2 (full 0):
 PSYoungGen      total 74752K, used 70740K [0x00000000e0000000, 0x00000000e5300000, 0x0000000100000000)
  eden space 64512K, 100% used [0x00000000e0000000,0x00000000e3f00000,0x00000000e3f00000)
  from space 10240K, 60% used [0x00000000e3f00000,0x00000000e4515150,0x00000000e4900000)
  to   space 10240K, 0% used [0x00000000e4900000,0x00000000e4900000,0x00000000e5300000)
 ParOldGen       total 171008K, used 8K [0x00000000a0000000, 0x00000000aa700000, 0x00000000e0000000)
  object space 171008K, 0% used [0x00000000a0000000,0x00000000a0002000,0x00000000aa700000)
 Metaspace       used 14890K, capacity 15284K, committed 15616K, reserved 1062912K
  class space    used 2105K, capacity 2254K, committed 2304K, reserved 1048576K
Event: 4.605 GC heap after
Heap after GC invocations=2 (full 0):
 PSYoungGen      total 74752K, used 9626K [0x00000000e0000000, 0x00000000e5300000, 0x0000000100000000)
  eden space 64512K, 0% used [0x00000000e0000000,0x00000000e0000000,0x00000000e3f00000)
  from space 10240K, 94% used [0x00000000e4900000,0x00000000e52669f8,0x00000000e5300000)
  to   space 10240K, 0% used [0x00000000e3f00000,0x00000000e3f00000,0x00000000e4900000)
 ParOldGen       total 171008K, used 16K [0x00000000a0000000, 0x00000000aa700000, 0x00000000e0000000)
  object space 171008K, 0% used [0x00000000a0000000,0x00000000a0004000,0x00000000aa700000)
 Metaspace       used 14890K, capacity 15284K, committed 15616K, reserved 1062912K
  class space    used 2105K, capacity 2254K, committed 2304K, reserved 1048576K
}
Event: 5.871 GC heap before
{Heap before GC invocations=3 (full 0):
 PSYoungGen      total 74752K, used 65864K [0x00000000e0000000, 0x00000000e5300000, 0x0000000100000000)
  eden space 64512K, 87% used [0x00000000e0000000,0x00000000e36eb960,0x00000000e3f00000)
  from space 10240K, 94% used [0x00000000e4900000,0x00000000e52669f8,0x00000000e5300000)
  to   space 10240K, 0% used [0x00000000e3f00000,0x00000000e3f00000,0x00000000e4900000)
 ParOldGen       total 171008K, used 16K [0x00000000a0000000, 0x00000000aa700000, 0x00000000e0000000)
  object space 171008K, 0% used [0x00000000a0000000,0x00000000a0004000,0x00000000aa700000)
 Metaspace       used 20790K, capacity 21120K, committed 21248K, reserved 1067008K
  class space    used 2916K, capacity 3062K, committed 3072K, reserved 1048576K
Event: 5.884 GC heap after
Heap after GC invocations=3 (full 0):
 PSYoungGen      total 74752K, used 10237K [0x00000000e0000000, 0x00000000e5300000, 0x0000000100000000)
  eden space 64512K, 0% used [0x00000000e0000000,0x00000000e0000000,0x00000000e3f00000)
  from space 10240K, 99% used [0x00000000e3f00000,0x00000000e48ff428,0x00000000e4900000)
  to   space 10240K, 0% used [0x00000000e4900000,0x00000000e4900000,0x00000000e5300000)
 ParOldGen       total 171008K, used 1640K [0x00000000a0000000, 0x00000000aa700000, 0x00000000e0000000)
  object space 171008K, 0% used [0x00000000a0000000,0x00000000a019a1e0,0x00000000aa700000)
 Metaspace       used 20790K, capacity 21120K, committed 21248K, reserved 1067008K
  class space    used 2916K, capacity 3062K, committed 3072K, reserved 1048576K
}
Event: 5.884 GC heap before
{Heap before GC invocations=4 (full 1):
 PSYoungGen      total 74752K, used 10237K [0x00000000e0000000, 0x00000000e5300000, 0x0000000100000000)
  eden space 64512K, 0% used [0x00000000e0000000,0x00000000e0000000,0x00000000e3f00000)
  from space 10240K, 99% used [0x00000000e3f00000,0x00000000e48ff428,0x00000000e4900000)
  to   space 10240K, 0% used [0x00000000e4900000,0x00000000e4900000,0x00000000e5300000)
 ParOldGen       total 171008K, used 1640K [0x00000000a0000000, 0x00000000aa700000, 0x00000000e0000000)
  object space 171008K, 0% used [0x00000000a0000000,0x00000000a019a1e0,0x00000000aa700000)
 Metaspace       used 20790K, capacity 21120K, committed 21248K, reserved 1067008K
  class space    used 2916K, capacity 3062K, committed 3072K, reserved 1048576K
Event: 5.942 GC heap after
Heap after GC invocations=4 (full 1):
 PSYoungGen      total 74752K, used 0K [0x00000000e0000000, 0x00000000e5300000, 0x0000000100000000)
  eden space 64512K, 0% used [0x00000000e0000000,0x00000000e0000000,0x00000000e3f00000)
  from space 10240K, 0% used [0x00000000e3f00000,0x00000000e3f00000,0x00000000e4900000)
  to   space 10240K, 0% used [0x00000000e4900000,0x00000000e4900000,0x00000000e5300000)
 ParOldGen       total 110592K, used 11458K [0x00000000a0000000, 0x00000000a6c00000, 0x00000000e0000000)
  object space 110592K, 10% used [0x00000000a0000000,0x00000000a0b30bc8,0x00000000a6c00000)
 Metaspace       used 20790K, capacity 21120K, committed 21248K, reserved 1067008K
  class space    used 2916K, capacity 3062K, committed 3072K, reserved 1048576K
}
Event: 7.575 GC heap before
{Heap before GC invocations=5 (full 1):
 PSYoungGen      total 74752K, used 64512K [0x00000000e0000000, 0x00000000e5300000, 0x0000000100000000)
  eden space 64512K, 100% used [0x00000000e0000000,0x00000000e3f00000,0x00000000e3f00000)
  from space 10240K, 0% used [0x00000000e3f00000,0x00000000e3f00000,0x00000000e4900000)
  to   space 10240K, 0% used [0x00000000e4900000,0x00000000e4900000,0x00000000e5300000)
 ParOldGen       total 110592K, used 11458K [0x00000000a0000000, 0x00000000a6c00000, 0x00000000e0000000)
  object space 110592K, 10% used [0x00000000a0000000,0x00000000a0b30bc8,0x00000000a6c00000)
 Metaspace       used 28593K, capacity 29050K, committed 29440K, reserved 1075200K
  class space    used 3848K, capacity 4009K, committed 4096K, reserved 1048576K
Event: 7.586 GC heap after
Heap after GC invocations=5 (full 1):
 PSYoungGen      total 74752K, used 7717K [0x00000000e0000000, 0x00000000e7100000, 0x0000000100000000)
  eden space 64512K, 0% used [0x00000000e0000000,0x00000000e0000000,0x00000000e3f00000)
  from space 10240K, 75% used [0x00000000e4900000,0x00000000e5089548,0x00000000e5300000)
  to   space 10240K, 0% used [0x00000000e3f00000,0x00000000e3f00000,0x00000000e4900000)
 ParOldGen       total 110592K, used 11466K [0x00000000a0000000, 0x00000000a6c00000, 0x00000000e0000000)
  object space 110592K, 10% used [0x00000000a0000000,0x00000000a0b32bc8,0x00000000a6c00000)
 Metaspace       used 28593K, capacity 29050K, committed 29440K, reserved 1075200K
  class space    used 3848K, capacity 4009K, committed 4096K, reserved 1048576K
}
Event: 8.653 GC heap before
{Heap before GC invocations=6 (full 1):
 PSYoungGen      total 74752K, used 72229K [0x00000000e0000000, 0x00000000e7100000, 0x0000000100000000)
  eden space 64512K, 100% used [0x00000000e0000000,0x00000000e3f00000,0x00000000e3f00000)
  from space 10240K, 75% used [0x00000000e4900000,0x00000000e5089548,0x00000000e5300000)
  to   space 10240K, 0% used [0x00000000e3f00000,0x00000000e3f00000,0x00000000e4900000)
 ParOldGen       total 110592K, used 11466K [0x00000000a0000000, 0x00000000a6c00000, 0x00000000e0000000)
  object space 110592K, 10% used [0x00000000a0000000,0x00000000a0b32bc8,0x00000000a6c00000)
 Metaspace       used 31807K, capacity 32280K, committed 32512K, reserved 1077248K
  class space    used 4377K, capacity 4531K, committed 4608K, reserved 1048576K
Event: 8.682 GC heap after
Heap after GC invocations=6 (full 1):
 PSYoungGen      total 74752K, used 8436K [0x00000000e0000000, 0x00000000e7100000, 0x0000000100000000)
  eden space 64512K, 0% used [0x00000000e0000000,0x00000000e0000000,0x00000000e3f00000)
  from space 10240K, 82% used [0x00000000e3f00000,0x00000000e473d0c0,0x00000000e4900000)
  to   space 10240K, 0% used [0x00000000e4900000,0x00000000e4900000,0x00000000e5300000)
 ParOldGen       total 110592K, used 11474K [0x00000000a0000000, 0x00000000a6c00000, 0x00000000e0000000)
  object space 110592K, 10% used [0x00000000a0000000,0x00000000a0b34bc8,0x00000000a6c00000)
 Metaspace       used 31807K, capacity 32280K, committed 32512K, reserved 1077248K
  class space    used 4377K, capacity 4531K, committed 4608K, reserved 1048576K
}

