# JRE version: OpenJDK Runtime Environment (8.0_202-b03) (build 1.8.0_202-release-1483-b03)
# Java VM: OpenJDK 64-Bit Server VM (25.202-b03 mixed mode windows-amd64 compressed oops)
Heap:
 PSYoungGen      total 139264K, used 19150K [0x00000000e0000000, 0x00000000e9200000, 0x0000000100000000)
  eden space 129024K, 7% used [0x00000000e0000000,0x00000000e0955c90,0x00000000e7e00000)
  from space 10240K, 93% used [0x00000000e8800000,0x00000000e915dbc8,0x00000000e9200000)
  to   space 10240K, 0% used [0x00000000e7e00000,0x00000000e7e00000,0x00000000e8800000)
 ParOldGen       total 171008K, used 16K [0x00000000a0000000, 0x00000000aa700000, 0x00000000e0000000)
  object space 171008K, 0% used [0x00000000a0000000,0x00000000a0004000,0x00000000aa700000)
 Metaspace       used 15574K, capacity 15956K, committed 16256K, reserved 1062912K
  class space    used 2214K, capacity 2350K, committed 2432K, reserved 1048576K
GC Heap History (4 events):
Event: 2.484 GC heap before
{Heap before GC invocations=1 (full 0):
 PSYoungGen      total 74752K, used 64512K [0x00000000e0000000, 0x00000000e5300000, 0x0000000100000000)
  eden space 64512K, 100% used [0x00000000e0000000,0x00000000e3f00000,0x00000000e3f00000)
  from space 10240K, 0% used [0x00000000e4900000,0x00000000e4900000,0x00000000e5300000)
  to   space 10240K, 0% used [0x00000000e3f00000,0x00000000e3f00000,0x00000000e4900000)
 ParOldGen       total 171008K, used 0K [0x00000000a0000000, 0x00000000aa700000, 0x00000000e0000000)
  object space 171008K, 0% used [0x00000000a0000000,0x00000000a0000000,0x00000000aa700000)
 Metaspace       used 7906K, capacity 8202K, committed 8320K, reserved 1056768K
  class space    used 1013K, capacity 1077K, committed 1152K, reserved 1048576K
Event: 2.535 GC heap after
Heap after GC invocations=1 (full 0):
 PSYoungGen      total 74752K, used 6300K [0x00000000e0000000, 0x00000000e9200000, 0x0000000100000000)
  eden space 64512K, 0% used [0x00000000e0000000,0x00000000e0000000,0x00000000e3f00000)
  from space 10240K, 61% used [0x00000000e3f00000,0x00000000e4527250,0x00000000e4900000)
  to   space 10240K, 0% used [0x00000000e8800000,0x00000000e8800000,0x00000000e9200000)
 ParOldGen       total 171008K, used 8K [0x00000000a0000000, 0x00000000aa700000, 0x00000000e0000000)
  object space 171008K, 0% used [0x00000000a0000000,0x00000000a0002000,0x00000000aa700000)
 Metaspace       used 7906K, capacity 8202K, committed 8320K, reserved 1056768K
  class space    used 1013K, capacity 1077K, committed 1152K, reserved 1048576K
}
Event: 5.082 GC heap before
{Heap before GC invocations=2 (full 0):
 PSYoungGen      total 74752K, used 70812K [0x00000000e0000000, 0x00000000e9200000, 0x0000000100000000)
  eden space 64512K, 100% used [0x00000000e0000000,0x00000000e3f00000,0x00000000e3f00000)
  from space 10240K, 61% used [0x00000000e3f00000,0x00000000e4527250,0x00000000e4900000)
  to   space 10240K, 0% used [0x00000000e8800000,0x00000000e8800000,0x00000000e9200000)
 ParOldGen       total 171008K, used 8K [0x00000000a0000000, 0x00000000aa700000, 0x00000000e0000000)
  object space 171008K, 0% used [0x00000000a0000000,0x00000000a0002000,0x00000000aa700000)
 Metaspace       used 14811K, capacity 15220K, committed 15360K, reserved 1062912K
  class space    used 2100K, capacity 2254K, committed 2304K, reserved 1048576K
Event: 5.095 GC heap after
Heap after GC invocations=2 (full 0):
 PSYoungGen      total 139264K, used 9590K [0x00000000e0000000, 0x00000000e9200000, 0x0000000100000000)
  eden space 129024K, 0% used [0x00000000e0000000,0x00000000e0000000,0x00000000e7e00000)
  from space 10240K, 93% used [0x00000000e8800000,0x00000000e915dbc8,0x00000000e9200000)
  to   space 10240K, 0% used [0x00000000e7e00000,0x00000000e7e00000,0x00000000e8800000)
 ParOldGen       total 171008K, used 16K [0x00000000a0000000, 0x00000000aa700000, 0x00000000e0000000)
  object space 171008K, 0% used [0x00000000a0000000,0x00000000a0004000,0x00000000aa700000)
 Metaspace       used 14811K, capacity 15220K, committed 15360K, reserved 1062912K
  class space    used 2100K, capacity 2254K, committed 2304K, reserved 1048576K
}

