# JRE version: OpenJDK Runtime Environment (8.0_202-b03) (build 1.8.0_202-release-1483-b03)
# Java VM: OpenJDK 64-Bit Server VM (25.202-b03 mixed mode windows-amd64 compressed oops)
Heap:
 PSYoungGen      total 74752K, used 11844K [0x00000000e0000000, 0x00000000e5300000, 0x0000000100000000)
  eden space 64512K, 3% used [0x00000000e0000000,0x00000000e022e6e0,0x00000000e3f00000)
  from space 10240K, 93% used [0x00000000e4900000,0x00000000e5262cd8,0x00000000e5300000)
  to   space 10240K, 0% used [0x00000000e3f00000,0x00000000e3f00000,0x00000000e4900000)
 ParOldGen       total 171008K, used 24K [0x00000000a0000000, 0x00000000aa700000, 0x00000000e0000000)
  object space 171008K, 0% used [0x00000000a0000000,0x00000000a0006000,0x00000000aa700000)
 Metaspace       used 15165K, capacity 15508K, committed 15616K, reserved 1062912K
  class space    used 2153K, capacity 2286K, committed 2304K, reserved 1048576K
GC Heap History (4 events):
Event: 2.378 GC heap before
{Heap before GC invocations=1 (full 0):
 PSYoungGen      total 74752K, used 64512K [0x00000000e0000000, 0x00000000e5300000, 0x0000000100000000)
  eden space 64512K, 100% used [0x00000000e0000000,0x00000000e3f00000,0x00000000e3f00000)
  from space 10240K, 0% used [0x00000000e4900000,0x00000000e4900000,0x00000000e5300000)
  to   space 10240K, 0% used [0x00000000e3f00000,0x00000000e3f00000,0x00000000e4900000)
 ParOldGen       total 171008K, used 0K [0x00000000a0000000, 0x00000000aa700000, 0x00000000e0000000)
  object space 171008K, 0% used [0x00000000a0000000,0x00000000a0000000,0x00000000aa700000)
 Metaspace       used 7904K, capacity 8202K, committed 8320K, reserved 1056768K
  class space    used 1013K, capacity 1077K, committed 1152K, reserved 1048576K
Event: 2.391 GC heap after
Heap after GC invocations=1 (full 0):
 PSYoungGen      total 74752K, used 6358K [0x00000000e0000000, 0x00000000e5300000, 0x0000000100000000)
  eden space 64512K, 0% used [0x00000000e0000000,0x00000000e0000000,0x00000000e3f00000)
  from space 10240K, 62% used [0x00000000e3f00000,0x00000000e4535a48,0x00000000e4900000)
  to   space 10240K, 0% used [0x00000000e4900000,0x00000000e4900000,0x00000000e5300000)
 ParOldGen       total 171008K, used 16K [0x00000000a0000000, 0x00000000aa700000, 0x00000000e0000000)
  object space 171008K, 0% used [0x00000000a0000000,0x00000000a0004000,0x00000000aa700000)
 Metaspace       used 7904K, capacity 8202K, committed 8320K, reserved 1056768K
  class space    used 1013K, capacity 1077K, committed 1152K, reserved 1048576K
}
Event: 4.530 GC heap before
{Heap before GC invocations=2 (full 0):
 PSYoungGen      total 74752K, used 70870K [0x00000000e0000000, 0x00000000e5300000, 0x0000000100000000)
  eden space 64512K, 100% used [0x00000000e0000000,0x00000000e3f00000,0x00000000e3f00000)
  from space 10240K, 62% used [0x00000000e3f00000,0x00000000e4535a48,0x00000000e4900000)
  to   space 10240K, 0% used [0x00000000e4900000,0x00000000e4900000,0x00000000e5300000)
 ParOldGen       total 171008K, used 16K [0x00000000a0000000, 0x00000000aa700000, 0x00000000e0000000)
  object space 171008K, 0% used [0x00000000a0000000,0x00000000a0004000,0x00000000aa700000)
 Metaspace       used 14901K, capacity 15284K, committed 15616K, reserved 1062912K
  class space    used 2110K, capacity 2254K, committed 2304K, reserved 1048576K
Event: 4.542 GC heap after
Heap after GC invocations=2 (full 0):
 PSYoungGen      total 74752K, used 9611K [0x00000000e0000000, 0x00000000e5300000, 0x0000000100000000)
  eden space 64512K, 0% used [0x00000000e0000000,0x00000000e0000000,0x00000000e3f00000)
  from space 10240K, 93% used [0x00000000e4900000,0x00000000e5262cd8,0x00000000e5300000)
  to   space 10240K, 0% used [0x00000000e3f00000,0x00000000e3f00000,0x00000000e4900000)
 ParOldGen       total 171008K, used 24K [0x00000000a0000000, 0x00000000aa700000, 0x00000000e0000000)
  object space 171008K, 0% used [0x00000000a0000000,0x00000000a0006000,0x00000000aa700000)
 Metaspace       used 14901K, capacity 15284K, committed 15616K, reserved 1062912K
  class space    used 2110K, capacity 2254K, committed 2304K, reserved 1048576K
}

